('field_sample', 256, ['sort_by_distance_irr'])
dataset name: field_sample 256
Correlation difference is: tensor([0.9417, 0.9508, 0.9344, 0.9538, 0.9627, 0.9990, 1.0103, 0.9999, 0.9950,
        0.9909, 0.9944, 1.0053, 0.9840, 0.9832, 1.0056, 0.9923, 0.9966, 0.9993,
        1.0073, 0.9869])
Correlation difference is: tensor([0.9990, 0.9949, 1.0040, 1.0064, 1.0134, 1.0029, 1.0118, 1.0142, 1.0023,
        1.0120, 1.0181, 1.0104, 1.0126, 0.9970, 1.0057, 1.0094, 1.0121, 1.0094,
        1.0138, 1.0097])
Correlation difference is: tensor([1.0492, 1.0365, 1.0408, 1.0465, 1.0315, 1.0336, 1.0378, 1.0385, 1.0368,
        1.0384, 1.0445, 1.0524, 1.0441, 1.0487, 1.0506, 1.0227, 1.0338, 1.0343,
        1.0233, 1.0213])
Correlation difference is: tensor([0.9683, 0.9779, 0.9696, 0.9590, 0.9539, 0.8729, 0.8782, 0.8788, 0.8726,
        0.8710])
Correlation difference is: tensor([0.9995, 0.9991, 0.9989, 0.9996, 0.9989, 0.9995, 0.9996, 0.9993, 0.9990,
        0.9983])
Correlation difference is: tensor([0.9439, 0.9277, 0.9245, 0.9461, 0.9389, 0.8408, 0.8435, 0.8532, 0.8344,
        0.8470])
Correlation difference is: tensor([0.9933, 1.0004, 0.9922, 0.9916, 1.0016, 0.9939, 0.9949, 0.9909, 0.9975,
        0.9954])
Correlation difference is: tensor([0.9978, 0.9905, 0.9976, 1.0045, 1.0048, 1.0106, 1.0115, 1.0148, 1.0129,
        1.0049, 1.0019, 0.9992, 1.0097, 0.9902, 1.0055, 1.0084, 1.0078, 1.0114,
        1.0138, 1.0036])
Correlation difference is: tensor([0.0831, 0.2456, 0.3297, 0.3967, 0.4139, 0.4770, 0.4718, 0.4956, 0.5091,
        0.4914, 0.4936, 0.5279, 0.7120, 0.8604, 1.0042])
Correlation difference is: tensor([0.5195, 0.5406, 0.5064, 0.5470, 0.5067, 0.5387, 0.5341, 0.5409, 0.5174,
        0.5207, 0.1005, 0.0682, 0.0493, 0.0873, 0.0664, 0.0643, 0.0958, 0.0944,
        0.1028, 0.0990])
Calculating AUC:
AUC_P: 1.0 AUC_L: 1.0 AUC_Finetune: 1.0 AUC_Prune: 1.0 AUC_Adv: 1.0 AUC_100: 1.0 AUC_10C: 1.0
('field_sample', 128, ['sort_by_distance_irr'])
dataset name: field_sample 128
Correlation difference is: tensor([0.9993, 1.0105, 0.9865, 1.0110, 1.0133, 1.0334, 1.0419, 1.0485, 1.0229,
        1.0380, 1.0385, 1.0337, 1.0161, 1.0425, 1.0429, 1.0242, 1.0345, 1.0407,
        1.0402, 1.0105])
Correlation difference is: tensor([1.0345, 1.0421, 1.0368, 1.0280, 1.0321, 1.0293, 1.0416, 1.0383, 1.0274,
        1.0346, 1.0382, 1.0441, 1.0439, 1.0315, 1.0462, 1.0307, 1.0304, 1.0386,
        1.0369, 1.0230])
Correlation difference is: tensor([1.0624, 1.0639, 1.0585, 1.0683, 1.0617, 1.0524, 1.0548, 1.0575, 1.0565,
        1.0611, 1.0598, 1.0722, 1.0592, 1.0663, 1.0673, 1.0341, 1.0455, 1.0495,
        1.0288, 1.0421])
Correlation difference is: tensor([0.9533, 0.9647, 0.9540, 0.9498, 0.9330, 0.8883, 0.9042, 0.8942, 0.8919,
        0.8952])
Correlation difference is: tensor([0.9991, 0.9987, 0.9978, 0.9986, 0.9973, 0.9980, 0.9977, 0.9981, 0.9974,
        0.9975])
Correlation difference is: tensor([0.9685, 0.9425, 0.9435, 0.9728, 0.9592, 0.9035, 0.8951, 0.9027, 0.8926,
        0.9100])
Correlation difference is: tensor([1.0005, 1.0026, 0.9984, 1.0033, 1.0051, 1.0022, 1.0000, 0.9940, 1.0006,
        1.0001])
Correlation difference is: tensor([1.0270, 1.0011, 1.0051, 1.0171, 1.0149, 1.0400, 1.0404, 1.0366, 1.0301,
        1.0317, 1.0278, 1.0269, 1.0284, 1.0202, 1.0251, 1.0271, 1.0299, 1.0322,
        1.0370, 1.0178])
Correlation difference is: tensor([0.0946, 0.2954, 0.3416, 0.3806, 0.4185, 0.5103, 0.5158, 0.5265, 0.5367,
        0.5152, 0.4767, 0.5105, 0.7022, 0.8458, 1.0123])
Correlation difference is: tensor([0.5382, 0.5765, 0.5558, 0.6058, 0.5436, 0.5868, 0.5996, 0.5920, 0.5500,
        0.5594, 0.0916, 0.0801, 0.0705, 0.1145, 0.0836, 0.0789, 0.1152, 0.1150,
        0.1035, 0.1218])
Calculating AUC:
AUC_P: 0.9400000000000002 AUC_L: 0.9175000000000001 AUC_Finetune: 1.0 AUC_Prune: 1.0 AUC_Adv: 0.97 AUC_100: 1.0 AUC_10C: 1.0
('field_sample', 64, ['sort_by_distance_irr'])
dataset name: field_sample 64
Correlation difference is: tensor([1.0578, 1.0798, 1.0262, 1.0667, 1.0552, 1.1094, 1.0826, 1.0779, 1.0731,
        1.0997, 1.0685, 1.0692, 1.0779, 1.0970, 1.0816, 1.0499, 1.0656, 1.0692,
        1.0528, 1.0360])
Correlation difference is: tensor([1.0413, 1.0523, 1.0564, 1.0602, 1.0421, 1.0549, 1.0816, 1.0615, 1.0629,
        1.0525, 1.0697, 1.0819, 1.0756, 1.0743, 1.0723, 1.0598, 1.0390, 1.0566,
        1.0660, 1.0546])
Correlation difference is: tensor([1.0822, 1.0930, 1.0753, 1.1004, 1.0719, 1.0703, 1.0738, 1.0862, 1.0664,
        1.0755, 1.0777, 1.0858, 1.0736, 1.0868, 1.0894, 1.0363, 1.0645, 1.0610,
        1.0365, 1.0510])
Correlation difference is: tensor([0.9540, 0.9726, 0.9589, 0.9571, 0.9357, 0.8730, 0.8831, 0.8861, 0.8750,
        0.8822])
Correlation difference is: tensor([1.0019, 1.0023, 1.0033, 1.0018, 0.9991, 1.0006, 0.9997, 1.0010, 1.0001,
        0.9993])
Correlation difference is: tensor([0.9825, 0.9661, 0.9378, 0.9782, 0.9679, 0.9282, 0.9257, 0.9389, 0.9263,
        0.9307])
Correlation difference is: tensor([1.0110, 1.0097, 1.0061, 1.0130, 1.0099, 1.0058, 1.0094, 0.9994, 1.0038,
        1.0069])
Correlation difference is: tensor([1.0318, 1.0163, 1.0187, 1.0504, 1.0279, 1.0703, 1.0819, 1.0708, 1.0509,
        1.0553, 1.0832, 1.0658, 1.0522, 1.0447, 1.0558, 1.0547, 1.0462, 1.0616,
        1.0667, 1.0462])
Correlation difference is: tensor([0.1195, 0.3427, 0.2948, 0.3521, 0.3666, 0.4886, 0.5147, 0.5240, 0.5174,
        0.4942, 0.4694, 0.4541, 0.6968, 0.8646, 1.0201])
Correlation difference is: tensor([0.6011, 0.6131, 0.6384, 0.6307, 0.5736, 0.6491, 0.6635, 0.6623, 0.5808,
        0.6095, 0.1017, 0.0760, 0.0716, 0.1312, 0.0821, 0.0973, 0.1571, 0.1602,
        0.1469, 0.1744])
Calculating AUC:
AUC_P: 0.57 AUC_L: 0.7375 AUC_Finetune: 1.0 AUC_Prune: 1.0 AUC_Adv: 0.8075 AUC_100: 1.0 AUC_10C: 1.0
('field_sample', 32, ['sort_by_distance_irr'])
dataset name: field_sample 32
Correlation difference is: tensor([1.0819, 1.0801, 1.0615, 1.1081, 1.0548, 1.1458, 1.0911, 1.0888, 1.1045,
        1.1037, 1.0872, 1.0659, 1.0856, 1.1255, 1.1203, 1.0716, 1.0768, 1.0828,
        1.0675, 1.0382])
Correlation difference is: tensor([1.0380, 1.0829, 1.0589, 1.0824, 1.0531, 1.0808, 1.1109, 1.0545, 1.0797,
        1.0765, 1.0654, 1.0929, 1.0684, 1.0929, 1.1006, 1.0851, 1.0723, 1.0764,
        1.0867, 1.0703])
Correlation difference is: tensor([1.1165, 1.1108, 1.0911, 1.1070, 1.0668, 1.0726, 1.0829, 1.1019, 1.0760,
        1.0935, 1.0927, 1.1185, 1.0957, 1.1126, 1.1240, 1.0510, 1.0759, 1.0692,
        1.0452, 1.0679])
Correlation difference is: tensor([0.9382, 0.9773, 0.9378, 0.9367, 0.9219, 0.8799, 0.8826, 0.9166, 0.9029,
        0.9243])
Correlation difference is: tensor([0.9970, 0.9980, 0.9976, 0.9965, 0.9975, 0.9969, 0.9962, 0.9963, 0.9966,
        0.9948])
Correlation difference is: tensor([0.9542, 0.9387, 0.9031, 0.9440, 0.9457, 1.0250, 1.0204, 1.0464, 1.0209,
        1.0270])
Correlation difference is: tensor([1.0207, 1.0247, 1.0177, 1.0214, 1.0226, 1.0188, 1.0124, 1.0005, 1.0165,
        1.0164])
Correlation difference is: tensor([1.0617, 1.0313, 1.0361, 1.0650, 1.0661, 1.1011, 1.1158, 1.0521, 1.0492,
        1.0720, 1.0994, 1.0819, 1.0500, 1.0603, 1.0793, 1.0769, 1.0721, 1.0665,
        1.0836, 1.0642])
Correlation difference is: tensor([0.1695, 0.3121, 0.2727, 0.3240, 0.3052, 0.4571, 0.4330, 0.4542, 0.4244,
        0.4131, 0.3942, 0.4872, 0.6713, 0.7832, 1.0097])
Correlation difference is: tensor([0.6793, 0.7273, 0.7656, 0.7331, 0.6268, 0.7850, 0.8178, 0.8112, 0.6848,
        0.7332, 0.0549, 0.1357, 0.0540, 0.1575, 0.1047, 0.0900, 0.1633, 0.1976,
        0.0757, 0.1964])
Calculating AUC:
AUC_P: 0.54 AUC_L: 0.6525000000000001 AUC_Finetune: 1.0 AUC_Prune: 1.0 AUC_Adv: 0.745 AUC_100: 1.0 AUC_10C: 0.5700000000000001
('field_sample', 16, ['sort_by_distance_irr'])
dataset name: field_sample 16
Correlation difference is: tensor([1.1874, 1.1703, 1.1197, 1.1992, 1.1390, 1.2345, 1.1657, 1.1817, 1.1124,
        1.1796, 1.0874, 1.1359, 1.1149, 1.1714, 1.1536, 1.1037, 1.1175, 1.1115,
        1.0727, 1.0691])
Correlation difference is: tensor([1.1294, 1.1460, 1.1060, 1.1598, 1.1014, 1.1047, 1.1377, 1.1246, 1.0982,
        1.0977, 1.0733, 1.1270, 1.1229, 1.1301, 1.1162, 1.0918, 1.0927, 1.1094,
        1.0905, 1.1143])
Correlation difference is: tensor([1.1376, 1.1560, 1.1052, 1.1175, 1.0686, 1.0907, 1.1021, 1.1082, 1.1100,
        1.1179, 1.1104, 1.1342, 1.1267, 1.1376, 1.1586, 1.0662, 1.0632, 1.0670,
        1.0546, 1.0877])
Correlation difference is: tensor([0.9143, 0.9330, 0.9066, 0.9254, 0.9314, 0.8717, 0.8632, 0.9241, 0.8746,
        0.9598])
Correlation difference is: tensor([0.9786, 0.9797, 0.9797, 0.9809, 0.9827, 0.9799, 0.9770, 0.9800, 0.9792,
        0.9732])
Correlation difference is: tensor([1.0393, 1.0407, 1.0474, 1.0241, 1.0446, 1.1991, 1.1998, 1.2162, 1.2023,
        1.1984])
Correlation difference is: tensor([1.0182, 1.0425, 1.0212, 1.0397, 1.0207, 1.0287, 1.0093, 1.0034, 1.0301,
        1.0314])
Correlation difference is: tensor([1.0929, 1.0529, 1.0967, 1.1225, 1.0901, 1.1470, 1.1615, 1.1105, 1.0774,
        1.1182, 1.1138, 1.1193, 1.0946, 1.1053, 1.1082, 1.0848, 1.0963, 1.0887,
        1.0953, 1.0983])
Correlation difference is: tensor([0.0785, 0.2868, 0.1692, 0.1902, 0.2356, 0.4909, 0.4998, 0.5414, 0.4019,
        0.4298, 0.4268, 0.5028, 0.4761, 0.5995, 0.9979])
Correlation difference is: tensor([0.8991, 0.9962, 0.9903, 0.9978, 0.8575, 1.0422, 1.0899, 1.0410, 0.8521,
        0.9522, 0.0964, 0.1615, 0.0962, 0.2114, 0.0990, 0.0987, 0.2214, 0.2226,
        0.1371, 0.2221])
Calculating AUC:
AUC_P: 0.255 AUC_L: 0.435 AUC_Finetune: 0.985 AUC_Prune: 1.0 AUC_Adv: 0.535 AUC_100: 1.0 AUC_10C: 0.07999999999999999
('field_sample', 8, ['sort_by_distance_irr'])
dataset name: field_sample 8
Correlation difference is: tensor([1.2688, 1.2551, 1.2222, 1.2269, 1.1764, 1.2526, 1.1778, 1.2395, 1.2043,
        1.1929, 1.1790, 1.2224, 1.0974, 1.2521, 1.2024, 1.1669, 1.1337, 1.1323,
        1.0668, 1.1004])
Correlation difference is: tensor([1.1779, 1.2058, 1.1184, 1.2403, 1.1160, 1.1791, 1.1959, 1.2196, 1.1346,
        1.1011, 1.0980, 1.1390, 1.2091, 1.2246, 1.1562, 1.1558, 1.1582, 1.1338,
        1.0999, 1.1697])
Correlation difference is: tensor([1.2199, 1.1659, 1.1321, 1.1514, 1.0722, 1.1328, 1.1094, 1.1425, 1.1240,
        1.1338, 1.1444, 1.1524, 1.1342, 1.1467, 1.1675, 1.1094, 1.0515, 1.0793,
        1.0799, 1.0896])
Correlation difference is: tensor([0.8666, 0.8736, 0.8040, 0.8787, 0.8748, 0.6272, 0.6402, 0.6346, 0.6249,
        0.6713])
Correlation difference is: tensor([0.9674, 0.9679, 0.9704, 0.9711, 0.9746, 0.9799, 0.9738, 0.9772, 0.9770,
        0.9629])
Correlation difference is: tensor([0.9435, 0.9435, 0.9494, 0.9458, 0.9421, 1.3223, 1.3234, 1.3305, 1.3263,
        1.3198])
Correlation difference is: tensor([0.9919, 1.0442, 1.0767, 1.0461, 1.0074, 1.0616, 1.0050, 1.0272, 1.0505,
        1.0503])
Correlation difference is: tensor([1.1351, 1.0572, 1.0938, 1.2165, 1.1212, 1.1526, 1.1680, 1.1513, 1.0817,
        1.1432, 1.1485, 1.1374, 1.1677, 1.1339, 1.1096, 1.0910, 1.0630, 1.0651,
        1.0958, 1.1380])
Correlation difference is: tensor([0.0096, 0.4130, 0.2485, 0.2638, 0.3228, 0.8167, 0.8365, 0.8054, 0.4871,
        0.5585, 0.5667, 0.6818, 0.4216, 0.6021, 0.9958])
Correlation difference is: tensor([1.0650, 1.0639, 1.2517, 1.2574, 0.9856, 1.2501, 1.2574, 1.2498, 1.0655,
        1.0630, 0.1823, 0.1808, 0.1836, 0.1790, 0.1867, 0.1869, 0.1993, 0.2032,
        0.0317, 0.2014])
Calculating AUC:
AUC_P: 0.195 AUC_L: 0.28 AUC_Finetune: 0.74 AUC_Prune: 1.0 AUC_Adv: 0.49999999999999994 AUC_100: 1.0 AUC_10C: 0.5